<?xml version="1.0" encoding="UTF-8"?>
<testng-results skipped="0" failed="0" ignored="0" total="1" passed="1">
  <reporter-output>
  </reporter-output>
  <suite name="Default suite" duration-ms="23675" started-at="2019-05-18T19:47:33Z" finished-at="2019-05-18T19:47:56Z">
    <groups>
    </groups>
    <test name="Default test" duration-ms="23675" started-at="2019-05-18T19:47:33Z" finished-at="2019-05-18T19:47:56Z">
      <class name="tests.ProceedForCheckOut">
        <test-method status="PASS" signature="initialize()[pri:0, instance:tests.ProceedForCheckOut@5419f379]" name="initialize" is-config="true" duration-ms="9268" started-at="2019-05-18T19:47:33Z" finished-at="2019-05-18T19:47:42Z">
          <reporter-output>
          </reporter-output>
        </test-method> <!-- initialize -->
        <test-method status="PASS" signature="proceedForCheckOutWithOutLogin()[pri:0, instance:tests.ProceedForCheckOut@5419f379]" name="proceedForCheckOutWithOutLogin" duration-ms="14396" started-at="2019-05-18T19:47:42Z" finished-at="2019-05-18T19:47:56Z">
          <reporter-output>
          </reporter-output>
        </test-method> <!-- proceedForCheckOutWithOutLogin -->
        <test-method status="PASS" signature="truncate()[pri:0, instance:tests.ProceedForCheckOut@5419f379]" name="truncate" is-config="true" duration-ms="614" started-at="2019-05-18T19:47:57Z" finished-at="2019-05-18T19:47:57Z">
          <reporter-output>
          </reporter-output>
        </test-method> <!-- truncate -->
      </class> <!-- tests.ProceedForCheckOut -->
    </test> <!-- Default test -->
  </suite> <!-- Default suite -->
</testng-results>
